TN:
SF:src\recintos-zoo.js
FN:2,analisaRecintos
FNF:1
FNH:1
FNDA:5,analisaRecintos
DA:1,1
DA:2,1
DA:3,5
DA:4,5
DA:5,5
DA:6,5
DA:7,5
DA:8,5
DA:9,5
DA:10,5
DA:11,5
DA:12,5
DA:13,5
DA:14,5
DA:15,5
DA:16,5
DA:17,5
DA:18,5
DA:19,5
DA:20,5
DA:21,5
DA:22,5
DA:23,5
DA:24,5
DA:25,5
DA:26,5
DA:27,5
DA:28,5
DA:29,5
DA:30,5
DA:31,5
DA:32,5
DA:33,5
DA:34,5
DA:35,5
DA:36,5
DA:37,5
DA:38,5
DA:39,5
DA:40,5
DA:41,5
DA:42,5
DA:43,5
DA:44,5
DA:45,5
DA:46,5
DA:47,5
DA:48,5
DA:49,5
DA:50,5
DA:51,5
DA:52,5
DA:53,5
DA:54,5
DA:55,5
DA:56,5
DA:57,5
DA:58,5
DA:59,5
DA:60,5
DA:61,5
DA:62,5
DA:63,5
DA:64,5
DA:65,5
DA:66,5
DA:67,5
DA:68,5
DA:69,5
DA:70,5
DA:71,5
DA:72,5
DA:73,5
DA:74,5
DA:75,5
DA:76,5
DA:77,5
DA:78,5
DA:79,5
DA:80,5
DA:81,3
DA:82,5
DA:83,11
DA:84,11
DA:85,11
DA:86,10
DA:87,11
DA:88,11
DA:89,11
DA:90,2
DA:91,2
DA:92,2
DA:93,2
DA:94,11
DA:95,5
DA:96,1
DA:97,1
DA:98,1
DA:99,1
DA:100,1
DA:101,1
DA:102,1
DA:103,1
LF:103
LH:103
BRDA:2,0,0,5
BRDA:78,1,0,1
BRDA:79,2,0,4
BRDA:79,3,0,3
BRDA:80,4,0,1
BRDA:81,5,0,3
BRDA:82,6,0,11
BRDA:85,7,0,1
BRDA:86,8,0,10
BRDA:87,9,0,4
BRDA:89,10,0,2
BRDA:94,11,0,2
BRDA:95,12,0,1
BRF:13
BRH:13
end_of_record
